<?xml version="1.0" encoding="UTF-8"?>
<testsuites>
  <testsuite name="" tests="4" assertions="3" errors="0" warnings="2" failures="0" skipped="0" time="0.179139">
    <testsuite name="Unit" tests="1" assertions="1" errors="0" warnings="0" failures="0" skipped="0" time="0.001896">
      <testsuite name="Tests\Unit\ExampleTest" file="/srv/http/sideagroup/laravel/fitness-api/tests/Unit/ExampleTest.php" tests="1" assertions="1" errors="0" warnings="0" failures="0" skipped="0" time="0.001896">
        <testcase name="test_example" class="Tests\Unit\ExampleTest" classname="Tests.Unit.ExampleTest" file="/srv/http/sideagroup/laravel/fitness-api/tests/Unit/ExampleTest.php" line="14" assertions="1" time="0.001896"/>
      </testsuite>
    </testsuite>
    <testsuite name="Feature" tests="3" assertions="2" errors="0" warnings="2" failures="0" skipped="0" time="0.177243">
      <testsuite name="Tests\Feature\AdminTest" file="/srv/http/sideagroup/laravel/fitness-api/tests/Feature/AdminTest.php" tests="1" assertions="2" errors="0" warnings="0" failures="0" skipped="0" time="0.176797">
        <testcase name="it_can_create_an_admin" class="Tests\Feature\AdminTest" classname="Tests.Feature.AdminTest" file="/srv/http/sideagroup/laravel/fitness-api/tests/Feature/AdminTest.php" line="18" assertions="2" time="0.176797"/>
      </testsuite>
      <testsuite name="Tests\Feature\AttendeeTest" file="/srv/http/sideagroup/laravel/fitness-api/tests/Feature/AttendeeTest.php" tests="1" assertions="0" errors="0" warnings="1" failures="0" skipped="0" time="0.000392">
        <testcase name="Warning" assertions="0" time="0.000392">
          <warning type="PHPUnit\Framework\Warning">Warning
No tests found in class "Tests\Feature\AttendeeTest".</warning>
        </testcase>
      </testsuite>
      <testsuite name="Tests\Feature\TrainerTest" file="/srv/http/sideagroup/laravel/fitness-api/tests/Feature/TrainerTest.php" tests="1" assertions="0" errors="0" warnings="1" failures="0" skipped="0" time="0.000055">
        <testcase name="Warning" assertions="0" time="0.000055">
          <warning type="PHPUnit\Framework\Warning">Warning
No tests found in class "Tests\Feature\TrainerTest".</warning>
        </testcase>
      </testsuite>
    </testsuite>
  </testsuite>
</testsuites>
